<?xml version="1.0" encoding="UTF-8"?>
<!-- Generated by org.testng.reporters.JUnitReportReporter -->
<testsuite hostname="LAPTOP-VPQF8FP2" failures="0" tests="1" name="com.UpKeep.Testcases.TC_04_Logout" time="3.476" errors="0" timestamp="2022-04-24T02:35:37 IST" skipped="0">
  <testcase classname="com.UpKeep.Testcases.TC_04_Logout" name="Logout" time="3.476"/>
  <system-out/>
</testsuite> <!-- com.UpKeep.Testcases.TC_04_Logout -->
